{
    "agent": {
        "id": "001",
        "name": "agentname",
        "ip": "192.168.3.1",
        "location": "/var/log/syslog"
    },
    "event": {
        "original": "{\"win\":{\"system\":{\"providerName\":\"Microsoft-Windows-Sysmon\",\"providerGuid\":\"{5770385f-c22a-43e0-bf4c-06f5698ffbd9}\",\"eventID\":\"7\",\"version\":\"3\",\"level\":\"4\",\"task\":\"7\",\"opcode\":\"0\",\"keywords\":\"0x8000000000000000\",\"systemTime\":\"2021-01-12T13:19:19.452639500Z\",\"eventRecordID\":\"816438\",\"processID\":\"12392\",\"threadID\":\"13020\",\"channel\":\"Microsoft-Windows-Sysmon/Operational\",\"computer\":\"DESKTOP-J78PBB7\",\"severityValue\":\"INFORMATION\",\"message\":\"\\\"Image loaded:\\r\\nRuleName: -\\r\\nUtcTime: 2021-01-12 13:19:19.451\\r\\nProcessGuid: {9446e88e-feb3-5fd2-5a00-000000002c00}\\r\\nProcessId: 4560\\r\\nImage: C:\\\\Windows\\\\System32\\\\svchost.exe\\r\\nImageLoaded: C:\\\\Windows\\\\System32\\\\wosc.dll\\r\\nFileVersion: 10.0.18362.329 (WinBuild.160101.0800)\\r\\nDescription: Windows OneSettings Client\\r\\nProduct: Microsoft\u00c3\u201a\u00c2\u00ae Windows\u00c3\u201a\u00c2\u00ae Operating System\\r\\nCompany: Microsoft Corporation\\r\\nOriginalFileName: wosc.dll\\r\\nHashes: MD5=56CEB6D0011D87B6E4D7023D7EF85676,SHA256=C15ABAF51E78CA56C0376522D699C978217BF041A3BD3C71D09193EFA5717C71,SHA1=75AF292F34789A1C782EA36C7127BF6106F595E8\\r\\nSigned: true\\r\\nSignature: Microsoft Windows\\r\\nSignatureStatus: Valid\\\"\"},\"eventdata\":{\"utcTime\":\"2021-01-12 13:19:19.451\",\"processGuid\":\"{9446e88e-feb3-5fd2-5a00-000000002c00}\",\"processId\":\"4560\",\"image\":\"C:\\\\\\\\Windows\\\\\\\\System32\\\\\\\\svchost.exe\",\"imageLoaded\":\"C:\\\\\\\\Windows\\\\\\\\System32\\\\\\\\wosc.dll\",\"fileVersion\":\"10.0.18362.329 (WinBuild.160101.0800)\",\"description\":\"Windows OneSettings Client\",\"product\":\"Microsoft\u00c3\u201a\u00c2\u00ae Windows\u00c3\u201a\u00c2\u00ae Operating System\",\"company\":\"Microsoft Corporation\",\"originalFileName\":\"wosc.dll\",\"hashes\":\"MD5=56CEB6D0011D87B6E4D7023D7EF85676,SHA256=C15ABAF51E78CA56C0376522D699C978217BF041A3BD3C71D09193EFA5717C71,SHA1=75AF292F34789A1C782EA36C7127BF6106F595E8\",\"signed\":\"true\",\"signature\":\"Microsoft Windows\",\"signatureStatus\":\"Valid\"}}}",
        "severity": "INFORMATION",
        "id": "7"
    },
    "mswindows": {
        "sysmon": {
            "win": {
                "system": {
                    "providerName": "Microsoft-Windows-Sysmon",
                    "providerGuid": "{5770385f-c22a-43e0-bf4c-06f5698ffbd9}",
                    "eventID": "7",
                    "version": "3",
                    "level": "4",
                    "task": "7",
                    "opcode": "0",
                    "keywords": "0x8000000000000000",
                    "systemTime": "2021-01-12T13:19:19.452639500Z",
                    "eventRecordID": "816438",
                    "processID": "12392",
                    "threadID": "13020",
                    "channel": "Microsoft-Windows-Sysmon/Operational",
                    "computer": "DESKTOP-J78PBB7",
                    "severityValue": "INFORMATION",
                    "message": "\"Image loaded:\r\nRuleName: -\r\nUtcTime: 2021-01-12 13:19:19.451\r\nProcessGuid: {9446e88e-feb3-5fd2-5a00-000000002c00}\r\nProcessId: 4560\r\nImage: C:\\Windows\\System32\\svchost.exe\r\nImageLoaded: C:\\Windows\\System32\\wosc.dll\r\nFileVersion: 10.0.18362.329 (WinBuild.160101.0800)\r\nDescription: Windows OneSettings Client\r\nProduct: Microsoft\u00c3\u201a\u00c2\u00ae Windows\u00c3\u201a\u00c2\u00ae Operating System\r\nCompany: Microsoft Corporation\r\nOriginalFileName: wosc.dll\r\nHashes: MD5=56CEB6D0011D87B6E4D7023D7EF85676,SHA256=C15ABAF51E78CA56C0376522D699C978217BF041A3BD3C71D09193EFA5717C71,SHA1=75AF292F34789A1C782EA36C7127BF6106F595E8\r\nSigned: true\r\nSignature: Microsoft Windows\r\nSignatureStatus: Valid\""
                },
                "eventdata": {
                    "utcTime": "2021-01-12 13:19:19.451",
                    "processGuid": "{9446e88e-feb3-5fd2-5a00-000000002c00}",
                    "processId": "4560",
                    "image": "C:\\\\Windows\\\\System32\\\\svchost.exe",
                    "imageLoaded": "C:\\\\Windows\\\\System32\\\\wosc.dll",
                    "fileVersion": "10.0.18362.329 (WinBuild.160101.0800)",
                    "description": "Windows OneSettings Client",
                    "product": "Microsoft\u00c3\u201a\u00c2\u00ae Windows\u00c3\u201a\u00c2\u00ae Operating System",
                    "company": "Microsoft Corporation",
                    "originalFileName": "wosc.dll",
                    "hashes": "MD5=56CEB6D0011D87B6E4D7023D7EF85676,SHA256=C15ABAF51E78CA56C0376522D699C978217BF041A3BD3C71D09193EFA5717C71,SHA1=75AF292F34789A1C782EA36C7127BF6106F595E8",
                    "signed": "true",
                    "signature": "Microsoft Windows",
                    "signatureStatus": "Valid"
                }
            }
        }
    },
    "timestamp": "2021-01-12 13:19:19.451",
    "process": {
        "channel": "Microsoft-Windows-Sysmon/Operational",
        "executable": {
            "prematch": "C:\\\\Windows\\\\System32\\\\svchost.exe",
            "hash": {
                "md5": "56CEB6D0011D87B6E4D7023D7EF85676",
                "sha256": "C15ABAF51E78CA56C0376522D699C978217BF041A3BD3C71D09193EFA5717C71",
                "sha1": "75AF292F34789A1C782EA36C7127BF6106F595E8"
            }
        }
    },
    "host": {
        "hostname": "DESKTOP-J78PBB7"
    }
}
{
    "agent": {
        "id": "001",
        "name": "agentname",
        "ip": "192.168.3.1",
        "location": "/var/log/syslog"
    },
    "event": {
        "original": "Feb  8 12:00:43 ip-172-31-41-217 sshd[12689]: Invalid user teste from 106.75.148.48 port 49774"
    },
    "syslog": {
        "sshd": "Feb  8 12:00:43 ip-172-31-41-217 sshd[12689]: Invalid user teste from 106.75.148.48 port 49774"
    },
    "destination": {
        "hostname": "ip-172-31-41-217"
    },
    "source": {
        "hostname": "106.75.148.48",
        "port": "49774"
    },
    "process": {
        "name": "sshd",
        "pid": "12689"
    },
    "user": {
        "name": "teste"
    }
}
{
    "agent": {
        "id": "001",
        "name": "agentname",
        "ip": "192.168.3.1",
        "location": "/var/log/syslog"
    },
    "event": {
        "original": "{\"win\":{\"system\":{\"providerName\":\"Microsoft-Windows-Sysmon\",\"providerGuid\":\"{5770385f-c22a-43e0-bf4c-06f5698ffbd9}\",\"eventID\":\"7\",\"version\":\"3\",\"level\":\"4\",\"task\":\"7\",\"opcode\":\"0\",\"keywords\":\"0x8000000000000000\",\"systemTime\":\"2021-01-12T13:19:19.452639500Z\",\"eventRecordID\":\"816438\",\"processID\":\"12392\",\"threadID\":\"13020\",\"channel\":\"Microsoft-Windows-Sysmon/Operational\",\"computer\":\"DESKTOP-J78PBB7\",\"severityValue\":\"INFORMATION\",\"message\":\"\\\"Image loaded:\\r\\nRuleName: -\\r\\nUtcTime: 2021-01-12 13:19:19.451\\r\\nProcessGuid: {9446e88e-feb3-5fd2-5a00-000000002c00}\\r\\nProcessId: 4560\\r\\nImage: C:\\\\Windows\\\\System32\\\\svchost.exe\\r\\nImageLoaded: C:\\\\Windows\\\\System32\\\\wosc.dll\\r\\nFileVersion: 10.0.18362.329 (WinBuild.160101.0800)\\r\\nDescription: Windows OneSettings Client\\r\\nProduct: Microsoft\u00c3\u201a\u00c2\u00ae Windows\u00c3\u201a\u00c2\u00ae Operating System\\r\\nCompany: Microsoft Corporation\\r\\nOriginalFileName: wosc.dll\\r\\nHashes: MD5=56CEB6D0011D87B6E4D7023D7EF85676,SHA256=C15ABAF51E78CA56C0376522D699C978217BF041A3BD3C71D09193EFA5717C71,SHA1=75AF292F34789A1C782EA36C7127BF6106F595E8\\r\\nSigned: true\\r\\nSignature: Microsoft Windows\\r\\nSignatureStatus: Valid\\\"\"},\"eventdata\":{\"utcTime\":\"2021-01-12 13:19:19.451\",\"processGuid\":\"{9446e88e-feb3-5fd2-5a00-000000002c00}\",\"processId\":\"4560\",\"image\":\"C:\\\\\\\\Windows\\\\\\\\System32\\\\\\\\svchost.exe\",\"imageLoaded\":\"C:\\\\\\\\Windows\\\\\\\\System32\\\\\\\\wosc.dll\",\"fileVersion\":\"10.0.18362.329 (WinBuild.160101.0800)\",\"description\":\"Windows OneSettings Client\",\"product\":\"Microsoft\u00c3\u201a\u00c2\u00ae Windows\u00c3\u201a\u00c2\u00ae Operating System\",\"company\":\"Microsoft Corporation\",\"originalFileName\":\"wosc.dll\",\"hashes\":\"MD5=56CEB6D0011D87B6E4D7023D7EF85676,SHA256=C15ABAF51E78CA56C0376522D699C978217BF041A3BD3C71D09193EFA5717C71,SHA1=75AF292F34789A1C782EA36C7127BF6106F595E8\",\"signed\":\"true\",\"signature\":\"Microsoft Windows\",\"signatureStatus\":\"Valid\"}}}",
        "severity": "INFORMATION",
        "id": "7"
    },
    "mswindows": {
        "sysmon": {
            "win": {
                "system": {
                    "providerName": "Microsoft-Windows-Sysmon",
                    "providerGuid": "{5770385f-c22a-43e0-bf4c-06f5698ffbd9}",
                    "eventID": "7",
                    "version": "3",
                    "level": "4",
                    "task": "7",
                    "opcode": "0",
                    "keywords": "0x8000000000000000",
                    "systemTime": "2021-01-12T13:19:19.452639500Z",
                    "eventRecordID": "816438",
                    "processID": "12392",
                    "threadID": "13020",
                    "channel": "Microsoft-Windows-Sysmon/Operational",
                    "computer": "DESKTOP-J78PBB7",
                    "severityValue": "INFORMATION",
                    "message": "\"Image loaded:\r\nRuleName: -\r\nUtcTime: 2021-01-12 13:19:19.451\r\nProcessGuid: {9446e88e-feb3-5fd2-5a00-000000002c00}\r\nProcessId: 4560\r\nImage: C:\\Windows\\System32\\svchost.exe\r\nImageLoaded: C:\\Windows\\System32\\wosc.dll\r\nFileVersion: 10.0.18362.329 (WinBuild.160101.0800)\r\nDescription: Windows OneSettings Client\r\nProduct: Microsoft\u00c3\u201a\u00c2\u00ae Windows\u00c3\u201a\u00c2\u00ae Operating System\r\nCompany: Microsoft Corporation\r\nOriginalFileName: wosc.dll\r\nHashes: MD5=56CEB6D0011D87B6E4D7023D7EF85676,SHA256=C15ABAF51E78CA56C0376522D699C978217BF041A3BD3C71D09193EFA5717C71,SHA1=75AF292F34789A1C782EA36C7127BF6106F595E8\r\nSigned: true\r\nSignature: Microsoft Windows\r\nSignatureStatus: Valid\""
                },
                "eventdata": {
                    "utcTime": "2021-01-12 13:19:19.451",
                    "processGuid": "{9446e88e-feb3-5fd2-5a00-000000002c00}",
                    "processId": "4560",
                    "image": "C:\\\\Windows\\\\System32\\\\svchost.exe",
                    "imageLoaded": "C:\\\\Windows\\\\System32\\\\wosc.dll",
                    "fileVersion": "10.0.18362.329 (WinBuild.160101.0800)",
                    "description": "Windows OneSettings Client",
                    "product": "Microsoft\u00c3\u201a\u00c2\u00ae Windows\u00c3\u201a\u00c2\u00ae Operating System",
                    "company": "Microsoft Corporation",
                    "originalFileName": "wosc.dll",
                    "hashes": "MD5=56CEB6D0011D87B6E4D7023D7EF85676,SHA256=C15ABAF51E78CA56C0376522D699C978217BF041A3BD3C71D09193EFA5717C71,SHA1=75AF292F34789A1C782EA36C7127BF6106F595E8",
                    "signed": "true",
                    "signature": "Microsoft Windows",
                    "signatureStatus": "Valid"
                }
            }
        }
    },
    "timestamp": "2021-01-12 13:19:19.451",
    "process": {
        "channel": "Microsoft-Windows-Sysmon/Operational",
        "executable": {
            "prematch": "C:\\\\Windows\\\\System32\\\\svchost.exe",
            "hash": {
                "md5": "56CEB6D0011D87B6E4D7023D7EF85676",
                "sha256": "C15ABAF51E78CA56C0376522D699C978217BF041A3BD3C71D09193EFA5717C71",
                "sha1": "75AF292F34789A1C782EA36C7127BF6106F595E8"
            }
        }
    },
    "host": {
        "hostname": "DESKTOP-J78PBB7"
    }
}
{
    "agent": {
        "id": "001",
        "name": "agentname",
        "ip": "192.168.3.1",
        "location": "/var/log/syslog"
    },
    "event": {
        "original": "{\"win\":{\"system\":{\"providerName\":\"Microsoft-Windows-Sysmon\",\"providerGuid\":\"{5770385f-c22a-43e0-bf4c-06f5698ffbd9}\",\"eventID\":\"7\",\"version\":\"3\",\"level\":\"4\",\"task\":\"7\",\"opcode\":\"0\",\"keywords\":\"0x8000000000000000\",\"systemTime\":\"2021-01-12T13:19:19.452639500Z\",\"eventRecordID\":\"816438\",\"processID\":\"12392\",\"threadID\":\"13020\",\"channel\":\"Microsoft-Windows-Sysmon/Operational\",\"computer\":\"DESKTOP-J78PBB7\",\"severityValue\":\"INFORMATION\",\"message\":\"\\\"Image loaded:\\r\\nRuleName: -\\r\\nUtcTime: 2021-01-12 13:19:19.451\\r\\nProcessGuid: {9446e88e-feb3-5fd2-5a00-000000002c00}\\r\\nProcessId: 4560\\r\\nImage: C:\\\\Windows\\\\System32\\\\svchost.exe\\r\\nImageLoaded: C:\\\\Windows\\\\System32\\\\wosc.dll\\r\\nFileVersion: 10.0.18362.329 (WinBuild.160101.0800)\\r\\nDescription: Windows OneSettings Client\\r\\nProduct: Microsoft\u00c3\u201a\u00c2\u00ae Windows\u00c3\u201a\u00c2\u00ae Operating System\\r\\nCompany: Microsoft Corporation\\r\\nOriginalFileName: wosc.dll\\r\\nHashes: MD5=56CEB6D0011D87B6E4D7023D7EF85676,SHA256=C15ABAF51E78CA56C0376522D699C978217BF041A3BD3C71D09193EFA5717C71,SHA1=75AF292F34789A1C782EA36C7127BF6106F595E8\\r\\nSigned: true\\r\\nSignature: Microsoft Windows\\r\\nSignatureStatus: Valid\\\"\"},\"eventdata\":{\"utcTime\":\"2021-01-12 13:19:19.451\",\"processGuid\":\"{9446e88e-feb3-5fd2-5a00-000000002c00}\",\"processId\":\"4560\",\"image\":\"C:\\\\\\\\Windows\\\\\\\\System32\\\\\\\\svchost.exe\",\"imageLoaded\":\"C:\\\\\\\\Windows\\\\\\\\System32\\\\\\\\wosc.dll\",\"fileVersion\":\"10.0.18362.329 (WinBuild.160101.0800)\",\"description\":\"Windows OneSettings Client\",\"product\":\"Microsoft\u00c3\u201a\u00c2\u00ae Windows\u00c3\u201a\u00c2\u00ae Operating System\",\"company\":\"Microsoft Corporation\",\"originalFileName\":\"wosc.dll\",\"hashes\":\"MD5=56CEB6D0011D87B6E4D7023D7EF85676,SHA256=C15ABAF51E78CA56C0376522D699C978217BF041A3BD3C71D09193EFA5717C71,SHA1=75AF292F34789A1C782EA36C7127BF6106F595E8\",\"signed\":\"true\",\"signature\":\"Microsoft Windows\",\"signatureStatus\":\"Valid\"}}}",
        "severity": "INFORMATION",
        "id": "7"
    },
    "mswindows": {
        "sysmon": {
            "win": {
                "system": {
                    "providerName": "Microsoft-Windows-Sysmon",
                    "providerGuid": "{5770385f-c22a-43e0-bf4c-06f5698ffbd9}",
                    "eventID": "7",
                    "version": "3",
                    "level": "4",
                    "task": "7",
                    "opcode": "0",
                    "keywords": "0x8000000000000000",
                    "systemTime": "2021-01-12T13:19:19.452639500Z",
                    "eventRecordID": "816438",
                    "processID": "12392",
                    "threadID": "13020",
                    "channel": "Microsoft-Windows-Sysmon/Operational",
                    "computer": "DESKTOP-J78PBB7",
                    "severityValue": "INFORMATION",
                    "message": "\"Image loaded:\r\nRuleName: -\r\nUtcTime: 2021-01-12 13:19:19.451\r\nProcessGuid: {9446e88e-feb3-5fd2-5a00-000000002c00}\r\nProcessId: 4560\r\nImage: C:\\Windows\\System32\\svchost.exe\r\nImageLoaded: C:\\Windows\\System32\\wosc.dll\r\nFileVersion: 10.0.18362.329 (WinBuild.160101.0800)\r\nDescription: Windows OneSettings Client\r\nProduct: Microsoft\u00c3\u201a\u00c2\u00ae Windows\u00c3\u201a\u00c2\u00ae Operating System\r\nCompany: Microsoft Corporation\r\nOriginalFileName: wosc.dll\r\nHashes: MD5=56CEB6D0011D87B6E4D7023D7EF85676,SHA256=C15ABAF51E78CA56C0376522D699C978217BF041A3BD3C71D09193EFA5717C71,SHA1=75AF292F34789A1C782EA36C7127BF6106F595E8\r\nSigned: true\r\nSignature: Microsoft Windows\r\nSignatureStatus: Valid\""
                },
                "eventdata": {
                    "utcTime": "2021-01-12 13:19:19.451",
                    "processGuid": "{9446e88e-feb3-5fd2-5a00-000000002c00}",
                    "processId": "4560",
                    "image": "C:\\\\Windows\\\\System32\\\\svchost.exe",
                    "imageLoaded": "C:\\\\Windows\\\\System32\\\\wosc.dll",
                    "fileVersion": "10.0.18362.329 (WinBuild.160101.0800)",
                    "description": "Windows OneSettings Client",
                    "product": "Microsoft\u00c3\u201a\u00c2\u00ae Windows\u00c3\u201a\u00c2\u00ae Operating System",
                    "company": "Microsoft Corporation",
                    "originalFileName": "wosc.dll",
                    "hashes": "MD5=56CEB6D0011D87B6E4D7023D7EF85676,SHA256=C15ABAF51E78CA56C0376522D699C978217BF041A3BD3C71D09193EFA5717C71,SHA1=75AF292F34789A1C782EA36C7127BF6106F595E8",
                    "signed": "true",
                    "signature": "Microsoft Windows",
                    "signatureStatus": "Valid"
                }
            }
        }
    },
    "timestamp": "2021-01-12 13:19:19.451",
    "process": {
        "channel": "Microsoft-Windows-Sysmon/Operational",
        "executable": {
            "prematch": "C:\\\\Windows\\\\System32\\\\svchost.exe",
            "hash": {
                "md5": "56CEB6D0011D87B6E4D7023D7EF85676",
                "sha256": "C15ABAF51E78CA56C0376522D699C978217BF041A3BD3C71D09193EFA5717C71",
                "sha1": "75AF292F34789A1C782EA36C7127BF6106F595E8"
            }
        }
    },
    "host": {
        "hostname": "DESKTOP-J78PBB7"
    }
}
{
    "agent": {
        "id": "001",
        "name": "agentname",
        "ip": "192.168.3.1",
        "location": "/var/log/syslog"
    },
    "event": {
        "original": "Feb  8 12:00:43 ip-172-31-41-217 sshd[12689]: Invalid user teste from 106.75.148.48 port 49774"
    },
    "syslog": {
        "sshd": "Feb  8 12:00:43 ip-172-31-41-217 sshd[12689]: Invalid user teste from 106.75.148.48 port 49774"
    },
    "destination": {
        "hostname": "ip-172-31-41-217"
    },
    "source": {
        "hostname": "106.75.148.48",
        "port": "49774"
    },
    "process": {
        "name": "sshd",
        "pid": "12689"
    },
    "user": {
        "name": "teste"
    }
}
{
    "agent": {
        "id": "001",
        "name": "agentname",
        "ip": "192.168.3.1",
        "location": "/var/log/syslog"
    },
    "event": {
        "original": "{\"win\":{\"system\":{\"providerName\":\"Microsoft-Windows-Sysmon\",\"providerGuid\":\"{5770385f-c22a-43e0-bf4c-06f5698ffbd9}\",\"eventID\":\"7\",\"version\":\"3\",\"level\":\"4\",\"task\":\"7\",\"opcode\":\"0\",\"keywords\":\"0x8000000000000000\",\"systemTime\":\"2021-01-12T13:19:19.452639500Z\",\"eventRecordID\":\"816438\",\"processID\":\"12392\",\"threadID\":\"13020\",\"channel\":\"Microsoft-Windows-Sysmon/Operational\",\"computer\":\"DESKTOP-J78PBB7\",\"severityValue\":\"INFORMATION\",\"message\":\"\\\"Image loaded:\\r\\nRuleName: -\\r\\nUtcTime: 2021-01-12 13:19:19.451\\r\\nProcessGuid: {9446e88e-feb3-5fd2-5a00-000000002c00}\\r\\nProcessId: 4560\\r\\nImage: C:\\\\Windows\\\\System32\\\\svchost.exe\\r\\nImageLoaded: C:\\\\Windows\\\\System32\\\\wosc.dll\\r\\nFileVersion: 10.0.18362.329 (WinBuild.160101.0800)\\r\\nDescription: Windows OneSettings Client\\r\\nProduct: Microsoft\u00c3\u201a\u00c2\u00ae Windows\u00c3\u201a\u00c2\u00ae Operating System\\r\\nCompany: Microsoft Corporation\\r\\nOriginalFileName: wosc.dll\\r\\nHashes: MD5=56CEB6D0011D87B6E4D7023D7EF85676,SHA256=C15ABAF51E78CA56C0376522D699C978217BF041A3BD3C71D09193EFA5717C71,SHA1=75AF292F34789A1C782EA36C7127BF6106F595E8\\r\\nSigned: true\\r\\nSignature: Microsoft Windows\\r\\nSignatureStatus: Valid\\\"\"},\"eventdata\":{\"utcTime\":\"2021-01-12 13:19:19.451\",\"processGuid\":\"{9446e88e-feb3-5fd2-5a00-000000002c00}\",\"processId\":\"4560\",\"image\":\"C:\\\\\\\\Windows\\\\\\\\System32\\\\\\\\svchost.exe\",\"imageLoaded\":\"C:\\\\\\\\Windows\\\\\\\\System32\\\\\\\\wosc.dll\",\"fileVersion\":\"10.0.18362.329 (WinBuild.160101.0800)\",\"description\":\"Windows OneSettings Client\",\"product\":\"Microsoft\u00c3\u201a\u00c2\u00ae Windows\u00c3\u201a\u00c2\u00ae Operating System\",\"company\":\"Microsoft Corporation\",\"originalFileName\":\"wosc.dll\",\"hashes\":\"MD5=56CEB6D0011D87B6E4D7023D7EF85676,SHA256=C15ABAF51E78CA56C0376522D699C978217BF041A3BD3C71D09193EFA5717C71,SHA1=75AF292F34789A1C782EA36C7127BF6106F595E8\",\"signed\":\"true\",\"signature\":\"Microsoft Windows\",\"signatureStatus\":\"Valid\"}}}",
        "severity": "INFORMATION",
        "id": "7"
    },
    "mswindows": {
        "sysmon": {
            "win": {
                "system": {
                    "providerName": "Microsoft-Windows-Sysmon",
                    "providerGuid": "{5770385f-c22a-43e0-bf4c-06f5698ffbd9}",
                    "eventID": "7",
                    "version": "3",
                    "level": "4",
                    "task": "7",
                    "opcode": "0",
                    "keywords": "0x8000000000000000",
                    "systemTime": "2021-01-12T13:19:19.452639500Z",
                    "eventRecordID": "816438",
                    "processID": "12392",
                    "threadID": "13020",
                    "channel": "Microsoft-Windows-Sysmon/Operational",
                    "computer": "DESKTOP-J78PBB7",
                    "severityValue": "INFORMATION",
                    "message": "\"Image loaded:\r\nRuleName: -\r\nUtcTime: 2021-01-12 13:19:19.451\r\nProcessGuid: {9446e88e-feb3-5fd2-5a00-000000002c00}\r\nProcessId: 4560\r\nImage: C:\\Windows\\System32\\svchost.exe\r\nImageLoaded: C:\\Windows\\System32\\wosc.dll\r\nFileVersion: 10.0.18362.329 (WinBuild.160101.0800)\r\nDescription: Windows OneSettings Client\r\nProduct: Microsoft\u00c3\u201a\u00c2\u00ae Windows\u00c3\u201a\u00c2\u00ae Operating System\r\nCompany: Microsoft Corporation\r\nOriginalFileName: wosc.dll\r\nHashes: MD5=56CEB6D0011D87B6E4D7023D7EF85676,SHA256=C15ABAF51E78CA56C0376522D699C978217BF041A3BD3C71D09193EFA5717C71,SHA1=75AF292F34789A1C782EA36C7127BF6106F595E8\r\nSigned: true\r\nSignature: Microsoft Windows\r\nSignatureStatus: Valid\""
                },
                "eventdata": {
                    "utcTime": "2021-01-12 13:19:19.451",
                    "processGuid": "{9446e88e-feb3-5fd2-5a00-000000002c00}",
                    "processId": "4560",
                    "image": "C:\\\\Windows\\\\System32\\\\svchost.exe",
                    "imageLoaded": "C:\\\\Windows\\\\System32\\\\wosc.dll",
                    "fileVersion": "10.0.18362.329 (WinBuild.160101.0800)",
                    "description": "Windows OneSettings Client",
                    "product": "Microsoft\u00c3\u201a\u00c2\u00ae Windows\u00c3\u201a\u00c2\u00ae Operating System",
                    "company": "Microsoft Corporation",
                    "originalFileName": "wosc.dll",
                    "hashes": "MD5=56CEB6D0011D87B6E4D7023D7EF85676,SHA256=C15ABAF51E78CA56C0376522D699C978217BF041A3BD3C71D09193EFA5717C71,SHA1=75AF292F34789A1C782EA36C7127BF6106F595E8",
                    "signed": "true",
                    "signature": "Microsoft Windows",
                    "signatureStatus": "Valid"
                }
            }
        }
    },
    "timestamp": "2021-01-12 13:19:19.451",
    "process": {
        "channel": "Microsoft-Windows-Sysmon/Operational",
        "executable": {
            "prematch": "C:\\\\Windows\\\\System32\\\\svchost.exe",
            "hash": {
                "md5": "56CEB6D0011D87B6E4D7023D7EF85676",
                "sha256": "C15ABAF51E78CA56C0376522D699C978217BF041A3BD3C71D09193EFA5717C71",
                "sha1": "75AF292F34789A1C782EA36C7127BF6106F595E8"
            }
        }
    },
    "host": {
        "hostname": "DESKTOP-J78PBB7"
    }
}
{
    "agent": {
        "id": "001",
        "name": "agentname",
        "ip": "192.168.3.1",
        "location": "/var/log/syslog"
    },
    "event": {
        "original": "{\"win\":{\"system\":{\"providerName\":\"Microsoft-Windows-Sysmon\",\"providerGuid\":\"{5770385f-c22a-43e0-bf4c-06f5698ffbd9}\",\"eventID\":\"7\",\"version\":\"3\",\"level\":\"4\",\"task\":\"7\",\"opcode\":\"0\",\"keywords\":\"0x8000000000000000\",\"systemTime\":\"2021-01-12T13:19:19.452639500Z\",\"eventRecordID\":\"816438\",\"processID\":\"12392\",\"threadID\":\"13020\",\"channel\":\"Microsoft-Windows-Sysmon/Operational\",\"computer\":\"DESKTOP-J78PBB7\",\"severityValue\":\"INFORMATION\",\"message\":\"\\\"Image loaded:\\r\\nRuleName: -\\r\\nUtcTime: 2021-01-12 13:19:19.451\\r\\nProcessGuid: {9446e88e-feb3-5fd2-5a00-000000002c00}\\r\\nProcessId: 4560\\r\\nImage: C:\\\\Windows\\\\System32\\\\svchost.exe\\r\\nImageLoaded: C:\\\\Windows\\\\System32\\\\wosc.dll\\r\\nFileVersion: 10.0.18362.329 (WinBuild.160101.0800)\\r\\nDescription: Windows OneSettings Client\\r\\nProduct: Microsoft\u00c3\u201a\u00c2\u00ae Windows\u00c3\u201a\u00c2\u00ae Operating System\\r\\nCompany: Microsoft Corporation\\r\\nOriginalFileName: wosc.dll\\r\\nHashes: MD5=56CEB6D0011D87B6E4D7023D7EF85676,SHA256=C15ABAF51E78CA56C0376522D699C978217BF041A3BD3C71D09193EFA5717C71,SHA1=75AF292F34789A1C782EA36C7127BF6106F595E8\\r\\nSigned: true\\r\\nSignature: Microsoft Windows\\r\\nSignatureStatus: Valid\\\"\"},\"eventdata\":{\"utcTime\":\"2021-01-12 13:19:19.451\",\"processGuid\":\"{9446e88e-feb3-5fd2-5a00-000000002c00}\",\"processId\":\"4560\",\"image\":\"C:\\\\\\\\Windows\\\\\\\\System32\\\\\\\\svchost.exe\",\"imageLoaded\":\"C:\\\\\\\\Windows\\\\\\\\System32\\\\\\\\wosc.dll\",\"fileVersion\":\"10.0.18362.329 (WinBuild.160101.0800)\",\"description\":\"Windows OneSettings Client\",\"product\":\"Microsoft\u00c3\u201a\u00c2\u00ae Windows\u00c3\u201a\u00c2\u00ae Operating System\",\"company\":\"Microsoft Corporation\",\"originalFileName\":\"wosc.dll\",\"hashes\":\"MD5=56CEB6D0011D87B6E4D7023D7EF85676,SHA256=C15ABAF51E78CA56C0376522D699C978217BF041A3BD3C71D09193EFA5717C71,SHA1=75AF292F34789A1C782EA36C7127BF6106F595E8\",\"signed\":\"true\",\"signature\":\"Microsoft Windows\",\"signatureStatus\":\"Valid\"}}}",
        "severity": "INFORMATION",
        "id": "7"
    },
    "mswindows": {
        "sysmon": {
            "win": {
                "system": {
                    "providerName": "Microsoft-Windows-Sysmon",
                    "providerGuid": "{5770385f-c22a-43e0-bf4c-06f5698ffbd9}",
                    "eventID": "7",
                    "version": "3",
                    "level": "4",
                    "task": "7",
                    "opcode": "0",
                    "keywords": "0x8000000000000000",
                    "systemTime": "2021-01-12T13:19:19.452639500Z",
                    "eventRecordID": "816438",
                    "processID": "12392",
                    "threadID": "13020",
                    "channel": "Microsoft-Windows-Sysmon/Operational",
                    "computer": "DESKTOP-J78PBB7",
                    "severityValue": "INFORMATION",
                    "message": "\"Image loaded:\r\nRuleName: -\r\nUtcTime: 2021-01-12 13:19:19.451\r\nProcessGuid: {9446e88e-feb3-5fd2-5a00-000000002c00}\r\nProcessId: 4560\r\nImage: C:\\Windows\\System32\\svchost.exe\r\nImageLoaded: C:\\Windows\\System32\\wosc.dll\r\nFileVersion: 10.0.18362.329 (WinBuild.160101.0800)\r\nDescription: Windows OneSettings Client\r\nProduct: Microsoft\u00c3\u201a\u00c2\u00ae Windows\u00c3\u201a\u00c2\u00ae Operating System\r\nCompany: Microsoft Corporation\r\nOriginalFileName: wosc.dll\r\nHashes: MD5=56CEB6D0011D87B6E4D7023D7EF85676,SHA256=C15ABAF51E78CA56C0376522D699C978217BF041A3BD3C71D09193EFA5717C71,SHA1=75AF292F34789A1C782EA36C7127BF6106F595E8\r\nSigned: true\r\nSignature: Microsoft Windows\r\nSignatureStatus: Valid\""
                },
                "eventdata": {
                    "utcTime": "2021-01-12 13:19:19.451",
                    "processGuid": "{9446e88e-feb3-5fd2-5a00-000000002c00}",
                    "processId": "4560",
                    "image": "C:\\\\Windows\\\\System32\\\\svchost.exe",
                    "imageLoaded": "C:\\\\Windows\\\\System32\\\\wosc.dll",
                    "fileVersion": "10.0.18362.329 (WinBuild.160101.0800)",
                    "description": "Windows OneSettings Client",
                    "product": "Microsoft\u00c3\u201a\u00c2\u00ae Windows\u00c3\u201a\u00c2\u00ae Operating System",
                    "company": "Microsoft Corporation",
                    "originalFileName": "wosc.dll",
                    "hashes": "MD5=56CEB6D0011D87B6E4D7023D7EF85676,SHA256=C15ABAF51E78CA56C0376522D699C978217BF041A3BD3C71D09193EFA5717C71,SHA1=75AF292F34789A1C782EA36C7127BF6106F595E8",
                    "signed": "true",
                    "signature": "Microsoft Windows",
                    "signatureStatus": "Valid"
                }
            }
        }
    },
    "timestamp": "2021-01-12 13:19:19.451",
    "process": {
        "channel": "Microsoft-Windows-Sysmon/Operational",
        "executable": {
            "prematch": "C:\\\\Windows\\\\System32\\\\svchost.exe",
            "hash": {
                "md5": "56CEB6D0011D87B6E4D7023D7EF85676",
                "sha256": "C15ABAF51E78CA56C0376522D699C978217BF041A3BD3C71D09193EFA5717C71",
                "sha1": "75AF292F34789A1C782EA36C7127BF6106F595E8"
            }
        }
    },
    "host": {
        "hostname": "DESKTOP-J78PBB7"
    }
}
{
    "agent": {
        "id": "001",
        "name": "agentname",
        "ip": "192.168.3.1",
        "location": "/var/log/syslog"
    },
    "event": {
        "original": "Feb  8 12:00:43 ip-172-31-41-217 sshd[12689]: Invalid user teste from 106.75.148.48 port 49774"
    },
    "syslog": {
        "sshd": "Feb  8 12:00:43 ip-172-31-41-217 sshd[12689]: Invalid user teste from 106.75.148.48 port 49774"
    },
    "destination": {
        "hostname": "ip-172-31-41-217"
    },
    "source": {
        "hostname": "106.75.148.48",
        "port": "49774"
    },
    "process": {
        "name": "sshd",
        "pid": "12689"
    },
    "user": {
        "name": "teste"
    }
}
{
    "agent": {
        "id": "001",
        "name": "agentname",
        "ip": "192.168.3.1",
        "location": "/var/log/syslog"
    },
    "event": {
        "original": "{\"win\":{\"system\":{\"providerName\":\"Microsoft-Windows-Sysmon\",\"providerGuid\":\"{5770385f-c22a-43e0-bf4c-06f5698ffbd9}\",\"eventID\":\"7\",\"version\":\"3\",\"level\":\"4\",\"task\":\"7\",\"opcode\":\"0\",\"keywords\":\"0x8000000000000000\",\"systemTime\":\"2021-01-12T13:19:19.452639500Z\",\"eventRecordID\":\"816438\",\"processID\":\"12392\",\"threadID\":\"13020\",\"channel\":\"Microsoft-Windows-Sysmon/Operational\",\"computer\":\"DESKTOP-J78PBB7\",\"severityValue\":\"INFORMATION\",\"message\":\"\\\"Image loaded:\\r\\nRuleName: -\\r\\nUtcTime: 2021-01-12 13:19:19.451\\r\\nProcessGuid: {9446e88e-feb3-5fd2-5a00-000000002c00}\\r\\nProcessId: 4560\\r\\nImage: C:\\\\Windows\\\\System32\\\\svchost.exe\\r\\nImageLoaded: C:\\\\Windows\\\\System32\\\\wosc.dll\\r\\nFileVersion: 10.0.18362.329 (WinBuild.160101.0800)\\r\\nDescription: Windows OneSettings Client\\r\\nProduct: Microsoft\u00c3\u201a\u00c2\u00ae Windows\u00c3\u201a\u00c2\u00ae Operating System\\r\\nCompany: Microsoft Corporation\\r\\nOriginalFileName: wosc.dll\\r\\nHashes: MD5=56CEB6D0011D87B6E4D7023D7EF85676,SHA256=C15ABAF51E78CA56C0376522D699C978217BF041A3BD3C71D09193EFA5717C71,SHA1=75AF292F34789A1C782EA36C7127BF6106F595E8\\r\\nSigned: true\\r\\nSignature: Microsoft Windows\\r\\nSignatureStatus: Valid\\\"\"},\"eventdata\":{\"utcTime\":\"2021-01-12 13:19:19.451\",\"processGuid\":\"{9446e88e-feb3-5fd2-5a00-000000002c00}\",\"processId\":\"4560\",\"image\":\"C:\\\\\\\\Windows\\\\\\\\System32\\\\\\\\svchost.exe\",\"imageLoaded\":\"C:\\\\\\\\Windows\\\\\\\\System32\\\\\\\\wosc.dll\",\"fileVersion\":\"10.0.18362.329 (WinBuild.160101.0800)\",\"description\":\"Windows OneSettings Client\",\"product\":\"Microsoft\u00c3\u201a\u00c2\u00ae Windows\u00c3\u201a\u00c2\u00ae Operating System\",\"company\":\"Microsoft Corporation\",\"originalFileName\":\"wosc.dll\",\"hashes\":\"MD5=56CEB6D0011D87B6E4D7023D7EF85676,SHA256=C15ABAF51E78CA56C0376522D699C978217BF041A3BD3C71D09193EFA5717C71,SHA1=75AF292F34789A1C782EA36C7127BF6106F595E8\",\"signed\":\"true\",\"signature\":\"Microsoft Windows\",\"signatureStatus\":\"Valid\"}}}",
        "severity": "INFORMATION",
        "id": "7"
    },
    "mswindows": {
        "sysmon": {
            "win": {
                "system": {
                    "providerName": "Microsoft-Windows-Sysmon",
                    "providerGuid": "{5770385f-c22a-43e0-bf4c-06f5698ffbd9}",
                    "eventID": "7",
                    "version": "3",
                    "level": "4",
                    "task": "7",
                    "opcode": "0",
                    "keywords": "0x8000000000000000",
                    "systemTime": "2021-01-12T13:19:19.452639500Z",
                    "eventRecordID": "816438",
                    "processID": "12392",
                    "threadID": "13020",
                    "channel": "Microsoft-Windows-Sysmon/Operational",
                    "computer": "DESKTOP-J78PBB7",
                    "severityValue": "INFORMATION",
                    "message": "\"Image loaded:\r\nRuleName: -\r\nUtcTime: 2021-01-12 13:19:19.451\r\nProcessGuid: {9446e88e-feb3-5fd2-5a00-000000002c00}\r\nProcessId: 4560\r\nImage: C:\\Windows\\System32\\svchost.exe\r\nImageLoaded: C:\\Windows\\System32\\wosc.dll\r\nFileVersion: 10.0.18362.329 (WinBuild.160101.0800)\r\nDescription: Windows OneSettings Client\r\nProduct: Microsoft\u00c3\u201a\u00c2\u00ae Windows\u00c3\u201a\u00c2\u00ae Operating System\r\nCompany: Microsoft Corporation\r\nOriginalFileName: wosc.dll\r\nHashes: MD5=56CEB6D0011D87B6E4D7023D7EF85676,SHA256=C15ABAF51E78CA56C0376522D699C978217BF041A3BD3C71D09193EFA5717C71,SHA1=75AF292F34789A1C782EA36C7127BF6106F595E8\r\nSigned: true\r\nSignature: Microsoft Windows\r\nSignatureStatus: Valid\""
                },
                "eventdata": {
                    "utcTime": "2021-01-12 13:19:19.451",
                    "processGuid": "{9446e88e-feb3-5fd2-5a00-000000002c00}",
                    "processId": "4560",
                    "image": "C:\\\\Windows\\\\System32\\\\svchost.exe",
                    "imageLoaded": "C:\\\\Windows\\\\System32\\\\wosc.dll",
                    "fileVersion": "10.0.18362.329 (WinBuild.160101.0800)",
                    "description": "Windows OneSettings Client",
                    "product": "Microsoft\u00c3\u201a\u00c2\u00ae Windows\u00c3\u201a\u00c2\u00ae Operating System",
                    "company": "Microsoft Corporation",
                    "originalFileName": "wosc.dll",
                    "hashes": "MD5=56CEB6D0011D87B6E4D7023D7EF85676,SHA256=C15ABAF51E78CA56C0376522D699C978217BF041A3BD3C71D09193EFA5717C71,SHA1=75AF292F34789A1C782EA36C7127BF6106F595E8",
                    "signed": "true",
                    "signature": "Microsoft Windows",
                    "signatureStatus": "Valid"
                }
            }
        }
    },
    "timestamp": "2021-01-12 13:19:19.451",
    "process": {
        "channel": "Microsoft-Windows-Sysmon/Operational",
        "executable": {
            "prematch": "C:\\\\Windows\\\\System32\\\\svchost.exe",
            "hash": {
                "md5": "56CEB6D0011D87B6E4D7023D7EF85676",
                "sha256": "C15ABAF51E78CA56C0376522D699C978217BF041A3BD3C71D09193EFA5717C71",
                "sha1": "75AF292F34789A1C782EA36C7127BF6106F595E8"
            }
        }
    },
    "host": {
        "hostname": "DESKTOP-J78PBB7"
    }
}
{
    "agent": {
        "id": "001",
        "name": "agentname",
        "ip": "192.168.3.1",
        "location": "/var/log/syslog"
    },
    "event": {
        "original": "{\"win\":{\"system\":{\"providerName\":\"Microsoft-Windows-Sysmon\",\"providerGuid\":\"{5770385f-c22a-43e0-bf4c-06f5698ffbd9}\",\"eventID\":\"7\",\"version\":\"3\",\"level\":\"4\",\"task\":\"7\",\"opcode\":\"0\",\"keywords\":\"0x8000000000000000\",\"systemTime\":\"2021-01-12T13:19:19.452639500Z\",\"eventRecordID\":\"816438\",\"processID\":\"12392\",\"threadID\":\"13020\",\"channel\":\"Microsoft-Windows-Sysmon/Operational\",\"computer\":\"DESKTOP-J78PBB7\",\"severityValue\":\"INFORMATION\",\"message\":\"\\\"Image loaded:\\r\\nRuleName: -\\r\\nUtcTime: 2021-01-12 13:19:19.451\\r\\nProcessGuid: {9446e88e-feb3-5fd2-5a00-000000002c00}\\r\\nProcessId: 4560\\r\\nImage: C:\\\\Windows\\\\System32\\\\svchost.exe\\r\\nImageLoaded: C:\\\\Windows\\\\System32\\\\wosc.dll\\r\\nFileVersion: 10.0.18362.329 (WinBuild.160101.0800)\\r\\nDescription: Windows OneSettings Client\\r\\nProduct: Microsoft\u00c3\u201a\u00c2\u00ae Windows\u00c3\u201a\u00c2\u00ae Operating System\\r\\nCompany: Microsoft Corporation\\r\\nOriginalFileName: wosc.dll\\r\\nHashes: MD5=56CEB6D0011D87B6E4D7023D7EF85676,SHA256=C15ABAF51E78CA56C0376522D699C978217BF041A3BD3C71D09193EFA5717C71,SHA1=75AF292F34789A1C782EA36C7127BF6106F595E8\\r\\nSigned: true\\r\\nSignature: Microsoft Windows\\r\\nSignatureStatus: Valid\\\"\"},\"eventdata\":{\"utcTime\":\"2021-01-12 13:19:19.451\",\"processGuid\":\"{9446e88e-feb3-5fd2-5a00-000000002c00}\",\"processId\":\"4560\",\"image\":\"C:\\\\\\\\Windows\\\\\\\\System32\\\\\\\\svchost.exe\",\"imageLoaded\":\"C:\\\\\\\\Windows\\\\\\\\System32\\\\\\\\wosc.dll\",\"fileVersion\":\"10.0.18362.329 (WinBuild.160101.0800)\",\"description\":\"Windows OneSettings Client\",\"product\":\"Microsoft\u00c3\u201a\u00c2\u00ae Windows\u00c3\u201a\u00c2\u00ae Operating System\",\"company\":\"Microsoft Corporation\",\"originalFileName\":\"wosc.dll\",\"hashes\":\"MD5=56CEB6D0011D87B6E4D7023D7EF85676,SHA256=C15ABAF51E78CA56C0376522D699C978217BF041A3BD3C71D09193EFA5717C71,SHA1=75AF292F34789A1C782EA36C7127BF6106F595E8\",\"signed\":\"true\",\"signature\":\"Microsoft Windows\",\"signatureStatus\":\"Valid\"}}}",
        "severity": "INFORMATION",
        "id": "7"
    },
    "mswindows": {
        "sysmon": {
            "win": {
                "system": {
                    "providerName": "Microsoft-Windows-Sysmon",
                    "providerGuid": "{5770385f-c22a-43e0-bf4c-06f5698ffbd9}",
                    "eventID": "7",
                    "version": "3",
                    "level": "4",
                    "task": "7",
                    "opcode": "0",
                    "keywords": "0x8000000000000000",
                    "systemTime": "2021-01-12T13:19:19.452639500Z",
                    "eventRecordID": "816438",
                    "processID": "12392",
                    "threadID": "13020",
                    "channel": "Microsoft-Windows-Sysmon/Operational",
                    "computer": "DESKTOP-J78PBB7",
                    "severityValue": "INFORMATION",
                    "message": "\"Image loaded:\r\nRuleName: -\r\nUtcTime: 2021-01-12 13:19:19.451\r\nProcessGuid: {9446e88e-feb3-5fd2-5a00-000000002c00}\r\nProcessId: 4560\r\nImage: C:\\Windows\\System32\\svchost.exe\r\nImageLoaded: C:\\Windows\\System32\\wosc.dll\r\nFileVersion: 10.0.18362.329 (WinBuild.160101.0800)\r\nDescription: Windows OneSettings Client\r\nProduct: Microsoft\u00c3\u201a\u00c2\u00ae Windows\u00c3\u201a\u00c2\u00ae Operating System\r\nCompany: Microsoft Corporation\r\nOriginalFileName: wosc.dll\r\nHashes: MD5=56CEB6D0011D87B6E4D7023D7EF85676,SHA256=C15ABAF51E78CA56C0376522D699C978217BF041A3BD3C71D09193EFA5717C71,SHA1=75AF292F34789A1C782EA36C7127BF6106F595E8\r\nSigned: true\r\nSignature: Microsoft Windows\r\nSignatureStatus: Valid\""
                },
                "eventdata": {
                    "utcTime": "2021-01-12 13:19:19.451",
                    "processGuid": "{9446e88e-feb3-5fd2-5a00-000000002c00}",
                    "processId": "4560",
                    "image": "C:\\\\Windows\\\\System32\\\\svchost.exe",
                    "imageLoaded": "C:\\\\Windows\\\\System32\\\\wosc.dll",
                    "fileVersion": "10.0.18362.329 (WinBuild.160101.0800)",
                    "description": "Windows OneSettings Client",
                    "product": "Microsoft\u00c3\u201a\u00c2\u00ae Windows\u00c3\u201a\u00c2\u00ae Operating System",
                    "company": "Microsoft Corporation",
                    "originalFileName": "wosc.dll",
                    "hashes": "MD5=56CEB6D0011D87B6E4D7023D7EF85676,SHA256=C15ABAF51E78CA56C0376522D699C978217BF041A3BD3C71D09193EFA5717C71,SHA1=75AF292F34789A1C782EA36C7127BF6106F595E8",
                    "signed": "true",
                    "signature": "Microsoft Windows",
                    "signatureStatus": "Valid"
                }
            }
        }
    },
    "timestamp": "2021-01-12 13:19:19.451",
    "process": {
        "channel": "Microsoft-Windows-Sysmon/Operational",
        "executable": {
            "prematch": "C:\\\\Windows\\\\System32\\\\svchost.exe",
            "hash": {
                "md5": "56CEB6D0011D87B6E4D7023D7EF85676",
                "sha256": "C15ABAF51E78CA56C0376522D699C978217BF041A3BD3C71D09193EFA5717C71",
                "sha1": "75AF292F34789A1C782EA36C7127BF6106F595E8"
            }
        }
    },
    "host": {
        "hostname": "DESKTOP-J78PBB7"
    }
}
{
    "agent": {
        "id": "001",
        "name": "agentname",
        "ip": "192.168.3.1",
        "location": "/var/log/syslog"
    },
    "event": {
        "original": "Feb  8 12:00:43 ip-172-31-41-217 sshd[12689]: Invalid user teste from 106.75.148.48 port 49774"
    },
    "syslog": {
        "sshd": "Feb  8 12:00:43 ip-172-31-41-217 sshd[12689]: Invalid user teste from 106.75.148.48 port 49774"
    },
    "destination": {
        "hostname": "ip-172-31-41-217"
    },
    "source": {
        "hostname": "106.75.148.48",
        "port": "49774"
    },
    "process": {
        "name": "sshd",
        "pid": "12689"
    },
    "user": {
        "name": "teste"
    }
}
{
    "agent": {
        "id": "001",
        "name": "agentname",
        "ip": "192.168.3.1",
        "location": "/var/log/syslog"
    },
    "event": {
        "original": "{\"win\":{\"system\":{\"providerName\":\"Microsoft-Windows-Sysmon\",\"providerGuid\":\"{5770385f-c22a-43e0-bf4c-06f5698ffbd9}\",\"eventID\":\"7\",\"version\":\"3\",\"level\":\"4\",\"task\":\"7\",\"opcode\":\"0\",\"keywords\":\"0x8000000000000000\",\"systemTime\":\"2021-01-12T13:19:19.452639500Z\",\"eventRecordID\":\"816438\",\"processID\":\"12392\",\"threadID\":\"13020\",\"channel\":\"Microsoft-Windows-Sysmon/Operational\",\"computer\":\"DESKTOP-J78PBB7\",\"severityValue\":\"INFORMATION\",\"message\":\"\\\"Image loaded:\\r\\nRuleName: -\\r\\nUtcTime: 2021-01-12 13:19:19.451\\r\\nProcessGuid: {9446e88e-feb3-5fd2-5a00-000000002c00}\\r\\nProcessId: 4560\\r\\nImage: C:\\\\Windows\\\\System32\\\\svchost.exe\\r\\nImageLoaded: C:\\\\Windows\\\\System32\\\\wosc.dll\\r\\nFileVersion: 10.0.18362.329 (WinBuild.160101.0800)\\r\\nDescription: Windows OneSettings Client\\r\\nProduct: Microsoft\u00c3\u201a\u00c2\u00ae Windows\u00c3\u201a\u00c2\u00ae Operating System\\r\\nCompany: Microsoft Corporation\\r\\nOriginalFileName: wosc.dll\\r\\nHashes: MD5=56CEB6D0011D87B6E4D7023D7EF85676,SHA256=C15ABAF51E78CA56C0376522D699C978217BF041A3BD3C71D09193EFA5717C71,SHA1=75AF292F34789A1C782EA36C7127BF6106F595E8\\r\\nSigned: true\\r\\nSignature: Microsoft Windows\\r\\nSignatureStatus: Valid\\\"\"},\"eventdata\":{\"utcTime\":\"2021-01-12 13:19:19.451\",\"processGuid\":\"{9446e88e-feb3-5fd2-5a00-000000002c00}\",\"processId\":\"4560\",\"image\":\"C:\\\\\\\\Windows\\\\\\\\System32\\\\\\\\svchost.exe\",\"imageLoaded\":\"C:\\\\\\\\Windows\\\\\\\\System32\\\\\\\\wosc.dll\",\"fileVersion\":\"10.0.18362.329 (WinBuild.160101.0800)\",\"description\":\"Windows OneSettings Client\",\"product\":\"Microsoft\u00c3\u201a\u00c2\u00ae Windows\u00c3\u201a\u00c2\u00ae Operating System\",\"company\":\"Microsoft Corporation\",\"originalFileName\":\"wosc.dll\",\"hashes\":\"MD5=56CEB6D0011D87B6E4D7023D7EF85676,SHA256=C15ABAF51E78CA56C0376522D699C978217BF041A3BD3C71D09193EFA5717C71,SHA1=75AF292F34789A1C782EA36C7127BF6106F595E8\",\"signed\":\"true\",\"signature\":\"Microsoft Windows\",\"signatureStatus\":\"Valid\"}}}",
        "severity": "INFORMATION",
        "id": "7"
    },
    "mswindows": {
        "sysmon": {
            "win": {
                "system": {
                    "providerName": "Microsoft-Windows-Sysmon",
                    "providerGuid": "{5770385f-c22a-43e0-bf4c-06f5698ffbd9}",
                    "eventID": "7",
                    "version": "3",
                    "level": "4",
                    "task": "7",
                    "opcode": "0",
                    "keywords": "0x8000000000000000",
                    "systemTime": "2021-01-12T13:19:19.452639500Z",
                    "eventRecordID": "816438",
                    "processID": "12392",
                    "threadID": "13020",
                    "channel": "Microsoft-Windows-Sysmon/Operational",
                    "computer": "DESKTOP-J78PBB7",
                    "severityValue": "INFORMATION",
                    "message": "\"Image loaded:\r\nRuleName: -\r\nUtcTime: 2021-01-12 13:19:19.451\r\nProcessGuid: {9446e88e-feb3-5fd2-5a00-000000002c00}\r\nProcessId: 4560\r\nImage: C:\\Windows\\System32\\svchost.exe\r\nImageLoaded: C:\\Windows\\System32\\wosc.dll\r\nFileVersion: 10.0.18362.329 (WinBuild.160101.0800)\r\nDescription: Windows OneSettings Client\r\nProduct: Microsoft\u00c3\u201a\u00c2\u00ae Windows\u00c3\u201a\u00c2\u00ae Operating System\r\nCompany: Microsoft Corporation\r\nOriginalFileName: wosc.dll\r\nHashes: MD5=56CEB6D0011D87B6E4D7023D7EF85676,SHA256=C15ABAF51E78CA56C0376522D699C978217BF041A3BD3C71D09193EFA5717C71,SHA1=75AF292F34789A1C782EA36C7127BF6106F595E8\r\nSigned: true\r\nSignature: Microsoft Windows\r\nSignatureStatus: Valid\""
                },
                "eventdata": {
                    "utcTime": "2021-01-12 13:19:19.451",
                    "processGuid": "{9446e88e-feb3-5fd2-5a00-000000002c00}",
                    "processId": "4560",
                    "image": "C:\\\\Windows\\\\System32\\\\svchost.exe",
                    "imageLoaded": "C:\\\\Windows\\\\System32\\\\wosc.dll",
                    "fileVersion": "10.0.18362.329 (WinBuild.160101.0800)",
                    "description": "Windows OneSettings Client",
                    "product": "Microsoft\u00c3\u201a\u00c2\u00ae Windows\u00c3\u201a\u00c2\u00ae Operating System",
                    "company": "Microsoft Corporation",
                    "originalFileName": "wosc.dll",
                    "hashes": "MD5=56CEB6D0011D87B6E4D7023D7EF85676,SHA256=C15ABAF51E78CA56C0376522D699C978217BF041A3BD3C71D09193EFA5717C71,SHA1=75AF292F34789A1C782EA36C7127BF6106F595E8",
                    "signed": "true",
                    "signature": "Microsoft Windows",
                    "signatureStatus": "Valid"
                }
            }
        }
    },
    "timestamp": "2021-01-12 13:19:19.451",
    "process": {
        "channel": "Microsoft-Windows-Sysmon/Operational",
        "executable": {
            "prematch": "C:\\\\Windows\\\\System32\\\\svchost.exe",
            "hash": {
                "md5": "56CEB6D0011D87B6E4D7023D7EF85676",
                "sha256": "C15ABAF51E78CA56C0376522D699C978217BF041A3BD3C71D09193EFA5717C71",
                "sha1": "75AF292F34789A1C782EA36C7127BF6106F595E8"
            }
        }
    },
    "host": {
        "hostname": "DESKTOP-J78PBB7"
    }
}
